priceWriter2014/12/22 15:23:34 priceWriter.go:44: Starting price loop
priceWriter2014/12/22 16:21:36 priceWriter.go:55: Starting price loop
priceWriter2014/12/22 16:23:05 priceWriter.go:38: Credentials read
priceWriter2014/12/22 16:23:05 priceWriter.go:47: Influxdb client active
priceWriter2014/12/22 16:23:05 priceWriter.go:57: Starting price loop
priceWriter2014/12/23 13:23:06 priceSources.go:50: Acquiring price data for mtgprice
priceWriter2014/12/23 13:37:17 priceSources.go:54: Failed to acquire mtgprice prices,  Blank Set Name
priceWriter2014/12/23 13:37:17 priceWriter.go:73: Failed to acquire prices for mtgprice, logged
priceWriter2014/12/23 14:37:17 priceSources.go:50: Acquiring price data for mtgprice
priceWriter2014/12/23 14:52:24 priceSources.go:54: Failed to acquire mtgprice prices,  Blank Set Name
priceWriter2014/12/23 14:52:24 priceWriter.go:73: Failed to acquire prices for mtgprice, logged
priceWriter2014/12/23 15:52:24 priceSources.go:50: Acquiring price data for mtgprice
priceWriter2014/12/23 16:04:50 priceSources.go:58: Acquired price data for mtgprice
priceWriter2014/12/23 16:04:50 priceWriter.go:91: Uploading data from  mtgprice
priceWriter2014/12/23 16:04:52 priceWriter.go:100: Completed Upload of data from  mtgprice
priceWriter2014/12/23 16:07:23 priceWriter.go:38: Credentials read
priceWriter2014/12/23 16:07:23 priceWriter.go:47: Influxdb client active
priceWriter2014/12/23 16:07:23 priceWriter.go:57: Starting price loop
priceWriter2014/12/24 14:07:24 priceSources.go:50: Acquiring price data for mtgprice
priceWriter2014/12/24 14:23:00 priceSources.go:58: Acquired price data for mtgprice
priceWriter2014/12/24 14:23:00 priceWriter.go:91: Uploading data from  mtgprice
priceWriter2014/12/24 14:23:02 priceWriter.go:100: Completed Upload of data from  mtgprice
priceWriter2014/12/25 12:23:03 priceSources.go:50: Acquiring price data for mtgprice
priceWriter2014/12/25 12:39:23 priceSources.go:58: Acquired price data for mtgprice
priceWriter2014/12/25 12:39:23 priceWriter.go:91: Uploading data from  mtgprice
priceWriter2014/12/25 12:39:25 priceWriter.go:100: Completed Upload of data from  mtgprice
priceWriter2014/12/26 10:39:26 priceSources.go:50: Acquiring price data for mtgprice
priceWriter2014/12/26 10:52:12 priceSources.go:58: Acquired price data for mtgprice
priceWriter2014/12/26 10:52:12 priceWriter.go:91: Uploading data from  mtgprice
priceWriter2014/12/26 10:52:14 priceWriter.go:100: Completed Upload of data from  mtgprice
priceWriter2014/12/27 08:52:14 priceSources.go:50: Acquiring price data for mtgprice
priceWriter2014/12/27 09:07:07 priceSources.go:58: Acquired price data for mtgprice
priceWriter2014/12/27 09:07:07 priceWriter.go:91: Uploading data from  mtgprice
priceWriter2014/12/27 09:07:09 priceWriter.go:100: Completed Upload of data from  mtgprice
priceWriter2014/12/27 15:32:40 priceWriter.go:38: Credentials read
priceWriter2014/12/27 15:32:40 priceWriter.go:47: Influxdb client active
priceWriter2014/12/27 15:33:30 priceWriter.go:38: Credentials read
priceWriter2014/12/27 15:33:30 priceWriter.go:47: Influxdb client active
priceWriter2014/12/27 15:38:48 priceWriter.go:38: Credentials read
priceWriter2014/12/27 15:38:48 priceWriter.go:47: Influxdb client active
priceWriter2014/12/27 15:38:48 priceWriter.go:60: Starting price loop
priceWriter2014/12/28 07:38:48 priceSources.go:50: Acquiring price data for mtgprice
priceWriter2014/12/28 07:53:31 priceSources.go:58: Acquired price data for mtgprice
priceWriter2014/12/28 07:53:31 priceWriter.go:94: Uploading data from  mtgprice
priceWriter2014/12/28 07:56:13 priceWriter.go:103: Completed Upload of data from  mtgprice
priceWriter2014/12/29 05:56:13 priceSources.go:50: Acquiring price data for mtgprice
priceWriter2014/12/29 06:10:01 priceSources.go:58: Acquired price data for mtgprice
priceWriter2014/12/29 06:10:01 priceWriter.go:94: Uploading data from  mtgprice
priceWriter2014/12/29 06:13:03 priceWriter.go:103: Completed Upload of data from  mtgprice
priceWriter2014/12/30 04:13:03 priceSources.go:50: Acquiring price data for mtgprice
priceWriter2014/12/30 04:26:23 priceSources.go:58: Acquired price data for mtgprice
priceWriter2014/12/30 04:26:23 priceWriter.go:94: Uploading data from  mtgprice
priceWriter2014/12/30 04:26:24 priceWriter.go:120: UPLOAD FAILURE - mtgprice   -  Request not explicit success  Dumping to  uploadFailures\1419937983mtgprice
priceWriter2014/12/30 12:31:31 priceWriter.go:38: Credentials read
priceWriter2014/12/30 12:31:31 priceWriter.go:47: Influxdb client active
priceWriter2014/12/30 12:31:31 priceWriter.go:60: Starting price loop
priceWriter2014/12/30 12:31:31 priceSources.go:50: Acquiring price data for mtgprice
priceWriter2014/12/30 12:47:43 priceSources.go:58: Acquired price data for mtgprice
priceWriter2014/12/30 12:47:43 priceWriter.go:94: Uploading data from  mtgprice
priceWriter2014/12/30 12:47:43 priceWriter.go:120: UPLOAD FAILURE - mtgprice   -  Request not explicit success  Dumping to  uploadFailures\1419967891mtgprice
priceWriter2014/12/30 15:35:40 priceWriter.go:38: Credentials read
priceWriter2014/12/30 15:35:40 priceWriter.go:47: Influxdb client active
priceWriter2014/12/30 15:35:40 priceWriter.go:60: Starting price loop
priceWriter2014/12/30 19:54:06 priceWriter.go:38: Credentials read
priceWriter2014/12/30 19:54:06 priceWriter.go:47: Influxdb client active
priceWriter2014/12/30 19:54:06 priceWriter.go:60: Starting price loop
priceWriter2014/12/30 19:54:06 priceSources.go:50: Acquiring price data for mtgprice
priceWriter2014/12/30 20:07:10 priceSources.go:58: Acquired price data for mtgprice
priceWriter2014/12/30 20:07:10 priceWriter.go:94: Uploading data from  mtgprice
priceWriter2014/12/30 20:09:57 priceWriter.go:103: Completed Upload of data from  mtgprice
priceWriter2014/12/31 18:09:57 priceSources.go:50: Acquiring price data for mtgprice
priceWriter2014/12/31 18:26:10 priceSources.go:58: Acquired price data for mtgprice
priceWriter2014/12/31 18:26:10 priceWriter.go:94: Uploading data from  mtgprice
priceWriter2014/12/31 18:28:56 priceWriter.go:103: Completed Upload of data from  mtgprice
priceWriter2015/01/01 16:28:56 priceSources.go:50: Acquiring price data for mtgprice
priceWriter2015/01/01 16:33:05 mtgprice.go:72: mtgprice -  Failed to unmarshal data received Set name : Cleaned Name Shadowmoor  :  Shadowmoor
priceWriter2015/01/01 16:43:30 priceSources.go:54: Failed to acquire mtgprice prices,  Failed to unmarshal data received
priceWriter2015/01/01 16:43:30 priceWriter.go:76: Failed to acquire prices for mtgprice, logged
priceWriter2015/01/01 17:43:30 priceSources.go:50: Acquiring price data for mtgprice
priceWriter2015/01/01 18:00:51 priceSources.go:58: Acquired price data for mtgprice
priceWriter2015/01/01 18:00:51 priceWriter.go:94: Uploading data from  mtgprice
priceWriter2015/01/01 18:03:25 priceWriter.go:103: Completed Upload of data from  mtgprice
priceWriter2015/01/02 16:03:25 priceSources.go:50: Acquiring price data for mtgprice
priceWriter2015/01/02 16:08:21 mtgprice.go:72: mtgprice -  Failed to unmarshal data received Set name : Cleaned Name Magic 2013  :  M13
priceWriter2015/01/02 16:09:15 mtgprice.go:72: mtgprice -  Failed to unmarshal data received Set name : Cleaned Name Fifth Dawn  :  Fifth_Dawn
priceWriter2015/01/02 16:21:13 priceSources.go:54: Failed to acquire mtgprice prices,  Failed to unmarshal data received
priceWriter2015/01/02 16:21:13 priceWriter.go:76: Failed to acquire prices for mtgprice, logged
priceWriter2015/01/02 17:21:13 priceSources.go:50: Acquiring price data for mtgprice
priceWriter2015/01/02 17:37:34 priceSources.go:58: Acquired price data for mtgprice
priceWriter2015/01/02 17:37:34 priceWriter.go:94: Uploading data from  mtgprice
priceWriter2015/01/02 17:40:05 priceWriter.go:103: Completed Upload of data from  mtgprice
priceWriter2015/01/03 15:40:05 priceSources.go:50: Acquiring price data for mtgprice
priceWriter2015/01/03 15:55:39 priceSources.go:58: Acquired price data for mtgprice
priceWriter2015/01/03 15:55:39 priceWriter.go:94: Uploading data from  mtgprice
priceWriter2015/01/03 15:58:33 priceWriter.go:103: Completed Upload of data from  mtgprice
priceWriter2015/01/04 13:58:33 priceSources.go:50: Acquiring price data for mtgprice
priceWriter2015/01/04 14:08:29 mtgprice.go:72: mtgprice -  Failed to unmarshal data received Set name : Cleaned Name Onslaught  :  Onslaught
priceWriter2015/01/04 14:14:12 mtgprice.go:72: mtgprice -  Failed to unmarshal data received Set name : Cleaned Name Magic 2014 Core Set  :  M14
priceWriter2015/01/04 14:14:43 priceSources.go:54: Failed to acquire mtgprice prices,  Failed to unmarshal data received
priceWriter2015/01/04 14:14:43 priceWriter.go:76: Failed to acquire prices for mtgprice, logged
priceWriter2015/01/04 15:14:43 priceSources.go:50: Acquiring price data for mtgprice
priceWriter2015/01/04 15:15:37 priceWriter.go:38: Credentials read
priceWriter2015/01/04 15:15:37 priceWriter.go:47: Influxdb client active
priceWriter2015/01/04 15:15:37 priceWriter.go:60: Starting price loop
priceWriter2015/01/04 15:15:37 priceSources.go:50: Acquiring price data for mtgprice
priceWriter2015/01/04 15:31:56 priceSources.go:58: Acquired price data for mtgprice
priceWriter2015/01/04 15:31:56 priceWriter.go:94: Uploading data from  mtgprice
priceWriter2015/01/04 15:34:21 priceWriter.go:103: Completed Upload of data from  mtgprice
priceWriter2015/01/05 13:34:21 priceSources.go:50: Acquiring price data for mtgprice
priceWriter2015/01/05 13:48:56 priceSources.go:58: Acquired price data for mtgprice
priceWriter2015/01/05 13:48:56 priceWriter.go:94: Uploading data from  mtgprice
priceWriter2015/01/05 13:51:20 priceWriter.go:103: Completed Upload of data from  mtgprice
priceWriter2015/01/06 11:51:21 priceSources.go:50: Acquiring price data for mtgprice
priceWriter2015/01/06 12:06:30 priceSources.go:58: Acquired price data for mtgprice
priceWriter2015/01/06 12:06:30 priceWriter.go:94: Uploading data from  mtgprice
priceWriter2015/01/06 12:10:56 priceWriter.go:103: Completed Upload of data from  mtgprice
priceWriter2015/01/07 10:10:56 priceSources.go:50: Acquiring price data for mtgprice
priceWriter2015/01/07 10:14:34 mtgprice.go:72: mtgprice -  Failed to unmarshal data received Set name : Cleaned Name Ice Age  :  Ice_Age
priceWriter2015/01/07 10:26:02 priceSources.go:54: Failed to acquire mtgprice prices,  Failed to unmarshal data received
priceWriter2015/01/07 10:26:02 priceWriter.go:76: Failed to acquire prices for mtgprice, logged
priceWriter2015/01/07 11:26:02 priceSources.go:50: Acquiring price data for mtgprice
priceWriter2015/01/07 11:26:04 mtgprice.go:72: mtgprice -  Failed to unmarshal data received Set name : Cleaned Name Conflux  :  Conflux
priceWriter2015/01/07 11:40:59 priceSources.go:54: Failed to acquire mtgprice prices,  Failed to unmarshal data received
priceWriter2015/01/07 11:40:59 priceWriter.go:76: Failed to acquire prices for mtgprice, logged
priceWriter2015/01/07 12:40:59 priceSources.go:50: Acquiring price data for mtgprice
priceWriter2015/01/07 12:56:04 priceSources.go:58: Acquired price data for mtgprice
priceWriter2015/01/07 12:56:04 priceWriter.go:94: Uploading data from  mtgprice
priceWriter2015/01/07 12:58:32 priceWriter.go:103: Completed Upload of data from  mtgprice
priceWriter2015/01/08 10:58:32 priceSources.go:50: Acquiring price data for mtgprice
priceWriter2015/01/08 10:58:36 mtgprice.go:72: mtgprice -  Failed to retrieve set data Set name : Cleaned Name Dark Ascension  :  Dark_Ascension
priceWriter2015/01/08 11:14:24 priceSources.go:54: Failed to acquire mtgprice prices,  Failed to retrieve set data
priceWriter2015/01/08 11:14:24 priceWriter.go:76: Failed to acquire prices for mtgprice, logged
priceWriter2015/01/08 12:14:24 priceSources.go:50: Acquiring price data for mtgprice
priceWriter2015/01/08 12:29:35 priceSources.go:58: Acquired price data for mtgprice
priceWriter2015/01/08 12:29:35 priceWriter.go:94: Uploading data from  mtgprice
priceWriter2015/01/08 12:32:03 priceWriter.go:103: Completed Upload of data from  mtgprice
priceWriter2015/01/09 10:32:03 priceSources.go:50: Acquiring price data for mtgprice
priceWriter2015/01/09 10:46:26 priceSources.go:58: Acquired price data for mtgprice
priceWriter2015/01/09 10:46:26 priceWriter.go:94: Uploading data from  mtgprice
priceWriter2015/01/09 10:48:51 priceWriter.go:103: Completed Upload of data from  mtgprice
priceWriter2015/01/10 08:48:51 priceSources.go:50: Acquiring price data for mtgprice
priceWriter2015/01/10 08:58:29 mtgprice.go:72: mtgprice -  Failed to unmarshal data received Set name : Cleaned Name Betrayers of Kamigawa  :  Betrayers_of_Kamigawa
priceWriter2015/01/10 09:01:03 mtgprice.go:72: mtgprice -  Failed to unmarshal data received Set name : Cleaned Name Classic Sixth Edition  :  6th_Edition
priceWriter2015/01/10 09:05:49 priceSources.go:54: Failed to acquire mtgprice prices,  Failed to unmarshal data received
priceWriter2015/01/10 09:05:49 priceWriter.go:76: Failed to acquire prices for mtgprice, logged
priceWriter2015/01/10 10:05:49 priceSources.go:50: Acquiring price data for mtgprice
priceWriter2015/01/10 10:21:59 priceSources.go:58: Acquired price data for mtgprice
priceWriter2015/01/10 10:21:59 priceWriter.go:94: Uploading data from  mtgprice
priceWriter2015/01/10 10:25:20 priceWriter.go:103: Completed Upload of data from  mtgprice
priceWriter2015/01/11 08:25:20 priceSources.go:50: Acquiring price data for mtgprice
priceWriter2015/01/11 08:40:41 priceSources.go:58: Acquired price data for mtgprice
priceWriter2015/01/11 08:40:41 priceWriter.go:94: Uploading data from  mtgprice
priceWriter2015/01/11 08:43:32 priceWriter.go:103: Completed Upload of data from  mtgprice
priceWriter2015/01/12 06:43:32 priceSources.go:50: Acquiring price data for mtgprice
priceWriter2015/01/12 06:55:49 priceSources.go:58: Acquired price data for mtgprice
priceWriter2015/01/12 06:55:49 priceWriter.go:94: Uploading data from  mtgprice
priceWriter2015/01/12 06:58:20 priceWriter.go:103: Completed Upload of data from  mtgprice
