priceWriter2014/12/26 14:49:07 priceComputer.go:30: Failed to acquire points,  Request not explicit success
priceWriter2014/12/26 14:49:14 priceComputer.go:30: Failed to acquire points,  Request not explicit success
priceWriter2014/12/26 14:49:16 priceComputer.go:30: Failed to acquire points,  Request not explicit success
priceWriter2014/12/26 14:49:47 priceComputer.go:30: Failed to acquire points,  Request not explicit success
priceWriter2014/12/26 14:49:51 priceComputer.go:30: Failed to acquire points,  Request not explicit success
priceWriter2014/12/26 14:53:36 priceComputer.go:30: Failed to acquire points,  Get /db/goPrices/series?time_precision=s&q=list+series%3B: unsupported protocol scheme ""
priceWriter2014/12/26 14:54:04 priceComputer.go:30: Failed to acquire points,  Get /db/goPrices/series?time_precision=s&q=list+series%3B: unsupported protocol scheme ""
priceWriter2014/12/26 15:00:13 priceComputer.go:30: Failed to acquire points,  json: Unmarshal(non-pointer influxdbHandler.Points)
priceWriter2014/12/26 15:46:19 priceComputer.go:29: Failed to drop Continuous query, id=%!(EXTRA int=0, string= err=, *errors.errorString=Request not explicit success)
priceWriter2014/12/26 15:47:00 priceComputer.go:29: Failed to drop Continuous query, id=%!(EXTRA int=0, string= err=, *errors.errorString=Request not explicit success)
priceWriter2014/12/26 15:47:09 priceComputer.go:29: Failed to drop Continuous query, id=%!(EXTRA int=0, string= err=, *errors.errorString=Request not explicit success)
priceWriter2014/12/26 15:48:20 priceComputer.go:29: Failed to drop Continuous query, id=%!(EXTRA int=0, string= err=, *errors.errorString=Request not explicit success)
priceWriter2014/12/26 15:49:00 priceComputer.go:29: Failed to drop Continuous query, id=%!(EXTRA int=0, string= err=, *errors.errorString=Request not explicit success)
priceWriter2014/12/26 15:49:22 priceComputer.go:29: Failed to drop Continuous query, id=%!(EXTRA int=0, string= err=, *errors.errorString=Request not explicit success)
priceWriter2014/12/26 15:49:25 priceComputer.go:29: Failed to drop Continuous query, id=%!(EXTRA int=0, string= err=, *errors.errorString=Request not explicit success)
priceWriter2014/12/26 15:49:36 priceComputer.go:29: Failed to drop Continuous query, id=%!(EXTRA int=0, string= err=, *errors.errorString=Request not explicit success)
priceWriter2014/12/26 15:52:29 priceComputer.go:29: Failed to drop Continuous query, id=%!(EXTRA string=, string= err=, *errors.errorString=Request not explicit success)
priceWriter2014/12/26 15:53:49 priceComputer.go:29: Failed to drop Continuous query, id=%!(EXTRA float64=5, string= err=, *errors.errorString=Request not explicit success)
priceWriter2014/12/26 15:54:10 priceComputer.go:29: Failed to drop Continuous query, id=%!(EXTRA int=5, string= err=, *errors.errorString=Request not explicit success)
priceWriter2014/12/26 15:57:48 priceComputer.go:32: Success
priceWriter2014/12/26 15:57:55 priceComputer.go:29: Client does not have read permissions
priceWriter2014/12/26 15:58:29 priceComputer.go:32: Success
priceWriter2014/12/26 15:59:19 priceComputer.go:29: Failed to drop Continuous query, id=%!(EXTRA int=1, string= err=, *errors.errorString=Client does not have write permissions)
priceWriter2014/12/26 15:59:29 priceComputer.go:32: Success
priceWriter2014/12/27 13:56:21 priceComputer.go:32: Success
priceWriter2014/12/27 14:00:21 priceComputer.go:32: Success
priceWriter2014/12/27 14:36:58 priceComputer.go:32: Success
priceWriter2014/12/27 14:37:24 priceComputer.go:32: Success
priceWriter2014/12/27 14:40:56 priceComputer.go:37: Success
priceWriter2014/12/27 14:42:49 priceComputer.go:37: Success
priceWriter2014/12/27 14:46:05 priceComputer.go:37: Success
priceWriter2014/12/27 15:05:47 priceComputer.go:34: Request not explicit success
priceWriter2014/12/27 15:19:05 priceComputer.go:34: Request not explicit success
priceWriter2014/12/27 15:19:38 priceComputer.go:34: Request not explicit success
priceWriter2014/12/27 15:20:00 priceComputer.go:34: Failed to add query, %!(EXTRA *errors.errorString=Request not explicit success)
priceWriter2014/12/27 15:20:57 priceComputer.go:34: Failed to add query, %!(EXTRA *errors.errorString=Request not explicit success)
priceWriter2014/12/27 15:21:37 priceComputer.go:34: Request not explicit success
priceWriter2014/12/27 15:21:59 priceComputer.go:34: Failed to add query, %!(EXTRA *errors.errorString=Request not explicit success)
priceWriter2014/12/27 15:22:03 priceComputer.go:34: Request not explicit success
priceWriter2014/12/27 15:22:33 priceComputer.go:34: Request not explicit success
priceWriter2014/12/27 15:22:59 priceComputer.go:34: Request not explicit success
priceWriter2014/12/27 15:23:21 priceComputer.go:34: Failed to add query, %!(EXTRA *errors.errorString=Request not explicit success)
priceWriter2014/12/27 15:23:40 priceComputer.go:34: Request not explicit success
priceWriter2014/12/27 15:24:29 priceComputer.go:34: Failed to add query, %!(EXTRA *errors.errorString=Request not explicit success)
priceWriter2014/12/27 15:24:35 priceComputer.go:34: Failed to add query, %!(EXTRA *errors.errorString=Request not explicit success)
priceWriter2014/12/27 15:25:07 priceComputer.go:34: Failed to select entire series for '%!(EXTRA string=AErathiBerserker.mtgprice.Legends.WeeksMedian, string='', , *errors.errorString=Request not explicit success)
priceWriter2014/12/27 15:25:32 priceComputer.go:34: Failed to add query for '%!(EXTRA string=AEther Adept, string=', , *errors.errorString=Request not explicit success)
priceWriter2014/12/27 15:26:48 priceComputer.go:34: Failed to select entire series for '%!(EXTRA string=AErathiBerserker.mtgprice.Legends.WeeksMedian, string='', , *errors.errorString=Request not explicit success)
priceWriter2014/12/27 15:27:16 priceComputer.go:34: Failed to add query for '%!(EXTRA string=AEther Adept, string=', ', string=Magic 2011, string=', ', string=mtgprice, string=', , *errors.errorString=Request not explicit success)
priceWriter2014/12/27 15:27:18 priceComputer.go:34: Failed to select entire series for '%!(EXTRA string=AErathiBerserker.mtgprice.Legends.WeeksMedian, string='', , *errors.errorString=Request not explicit success)
priceWriter2014/12/27 15:27:20 priceComputer.go:34: Failed to add query for '%!(EXTRA string=AEther Adept, string=', ', string=Magic 2011, string=', ', string=mtgprice, string=', , *errors.errorString=Request not explicit success)
priceWriter2014/12/27 15:27:36 priceComputer.go:34: Failed to add query for '%!(EXTRA string=AEther Adept, string=', ', string=Magic 2011, string=', ', string=mtgprice, string=', , *errors.errorString=Request not explicit success)
priceWriter2014/12/27 15:27:46 priceComputer.go:34: Failed to add query for '%!(EXTRA string=AEther Adept, string=', ', string=Magic 2011, string=', ', string=mtgprice, string=', , *errors.errorString=Request not explicit success)
priceWriter2014/12/27 15:28:39 priceComputer.go:34: Failed to add query for '%!(EXTRA string=AEther Adept, string=', ', string=Magic 2011, string=', ', string=mtgprice, string=', , *errors.errorString=Request not explicit success)
priceWriter2014/12/27 15:28:47 priceComputer.go:34: Failed to select entire series for '%!(EXTRA string=AErathiBerserker.mtgprice.Legends.WeeksMedian, string='', , *errors.errorString=Request not explicit success)
priceWriter2014/12/27 15:29:13 priceComputer.go:34: Failed to add query for '%!(EXTRA string=AEther Adept, string=', ', string=Magic 2011, string=', ', string=mtgprice, string=', , *errors.errorString=Request not explicit success)
priceWriter2014/12/27 15:39:55 priceComputer.go:34: Failed to add query for '%!(EXTRA string=AEthermage's Touch, string=', ', string=Commander2013Edition, string=', ', string=mtgprice, string=', , *errors.errorString=Request not explicit success)
priceWriter2014/12/27 15:41:03 priceComputer.go:34: Failed to add query for '%!(EXTRA string=Abbey Matron (1), string=', ', string=Homelands, string=', ', string=mtgprice, string=', , *errors.errorString=Request not explicit success)
priceWriter2014/12/27 15:41:48 priceComputer.go:34: Failed to add query for '%!(EXTRA string=Abbey Matron (1), string=', ', string=Homelands, string=', ', string=mtgprice, string=', , *errors.errorString=Request not explicit success)
priceWriter2014/12/27 15:43:18 priceComputer.go:34: Failed to add query for '%!(EXTRA string=Aboshan, Cephalid Emperor, string=', ', string=Odyssey, string=', ', string=mtgprice, string=', , *errors.errorString=Request not explicit success)
priceWriter2014/12/27 15:44:49 priceComputer.go:34: Failed to add query for '%!(EXTRA string=Ach! Hans, Run!, string=', ', string=Unhinged, string=', ', string=mtgprice, string=', , *errors.errorString=Request not explicit success)
priceWriter2014/12/27 15:45:55 priceComputer.go:34: Failed to add query for '%!(EXTRA string=Alive // Well, string=', ', string=DragonsMaze, string=', ', string=mtgprice, string=', , *errors.errorString=Request not explicit success)
priceWriter2014/12/27 15:47:00 priceComputer.go:34: Failed to add query for '%!(EXTRA string=Alive // Well, string=', ', string=DragonsMaze, string=', ', string=mtgprice, string=', , *errors.errorString=Request not explicit success)
priceWriter2014/12/27 17:29:32 priceComputer.go:34: Failed to add query for '%!(EXTRA string=Look at Me, I'm R&D, string=', ', string=UnhingedFoil, string=', ', string=mtgprice, string=', , *errors.errorString=Request not explicit success)
priceWriter2014/12/27 19:29:21 priceComputer.go:34: Failed to add query for '%!(EXTRA string=Look at Me, I'm R&D, string=', ', string=UnhingedFoil, string=', ', string=mtgprice, string=', , *errors.errorString=Request not explicit success)
priceWriter2014/12/28 01:34:21 priceComputer.go:37: Success
